Base path: 'C:/Program Files/Unity/Hub/Editor/2019.4.32f1/Editor/Data', plugins path 'C:/Program Files/Unity/Hub/Editor/2019.4.32f1/Editor/Data/PlaybackEngines'
Cmd: initializeCompiler
<<<<<<< HEAD
Cmd: preprocess
  insize=2439 outsize=823 ok=1
Cmd: preprocess
  insize=1145 outsize=545 ok=1
Cmd: preprocess
  insize=4315 outsize=624 ok=1
Cmd: preprocess
  insize=708 outsize=708 ok=1
Cmd: preprocess
  insize=883 outsize=883 ok=1
Cmd: preprocess
  insize=2706 outsize=487 ok=1
Cmd: preprocess
  insize=1779 outsize=532 ok=1
Cmd: preprocess
  insize=2414 outsize=2035 ok=1
Cmd: preprocess
  insize=2309 outsize=864 ok=1
Cmd: preprocess
  insize=2397 outsize=857 ok=1
Cmd: preprocess
  insize=1222 outsize=412 ok=1
=======
>>>>>>> 7fb6c5bfe945a7653c94deef74e3ddbcc5341975
